Traceback (most recent call last):
  File "/Users/hparacha/DigitalFTE/agents/gmail_watcher.py", line 8, in <module>
    from .base_watcher import BaseWatcher
ImportError: attempted relative import with no known parent package

During handling of the above exception, another exception occurred:

Traceback (most recent call last):
  File "/Users/hparacha/DigitalFTE/agents/gmail_watcher.py", line 10, in <module>
    from base_watcher import BaseWatcher
ModuleNotFoundError: No module named 'base_watcher'
